STEP translation to Solid Edge
Date: Saturday,July 03,2021 11:21AM
Source File: Z:\Data\PCB\g-split\keyboard.step
Author: An Author
Organization: A Company
Source System: KiCad to STEP converter

Hardware:
Processor: AMD Ryzen 7 3700X 8-Core Processor             
Operating System: Windows 10 Professional
Installed Memory: 31.92 GB

Software Information
Parasolid Version: 32.1.222
PSBodyShop Version: 32.1.94
Step Adapter Version: 5.0.107
Solid Edge Version: 221.00.03.003 x64

Step Import Options
Import Faceted Bodies: On
Import Check Bodies: Off
Import Curves: On
Import DoNotSave: On
Import Multiple Bodies As Single Part File: On
Import Stitch Surfaces: On
Import Boolean Solids: On
Make Base Feature: On
Simplify Geometry: On
Import Imprint Curves: On
Import Drive: C:
Import Stitch Surfaces: On
Import Surfaces: On
Import Output Path: Z:\Data\PCB\g-split
Import Enable Default Output Path: On
Import PMI: Off
Import As Internal Components: Off
Import Path: 

Translating to Parasolid data types...
Translation process completed
Total time required to translate and post process:00 : 00 : 01
